[INFO] Scanning for projects...
[INFO] 
[INFO] ---------------< com.example:ttt-winner-checker-starter >---------------
[INFO] Building ttt-winner-checker-starter 0.0.1-SNAPSHOT
[INFO]   from pom.xml
[INFO] --------------------------------[ jar ]---------------------------------
[INFO] 
[INFO] --- resources:3.3.1:resources (default-resources) @ ttt-winner-checker-starter ---
[INFO] Copying 1 resource from src/main/resources to target/classes
[INFO] Copying 0 resource from src/main/resources to target/classes
[INFO] 
[INFO] --- compiler:3.11.0:compile (default-compile) @ ttt-winner-checker-starter ---
[INFO] Changes detected - recompiling the module! :source
[INFO] Compiling 15 source files with javac [debug release 17] to target/classes
[INFO] 
[INFO] --- resources:3.3.1:testResources (default-testResources) @ ttt-winner-checker-starter ---
[INFO] skip non existing resourceDirectory /config/workspace/src/test/resources
[INFO] 
[INFO] --- compiler:3.11.0:testCompile (default-testCompile) @ ttt-winner-checker-starter ---
[INFO] Changes detected - recompiling the module! :dependency
[INFO] Compiling 1 source file with javac [debug release 17] to target/test-classes
[INFO] -------------------------------------------------------------
[ERROR] COMPILATION ERROR : 
[INFO] -------------------------------------------------------------
[ERROR] /config/workspace/src/test/java/com/example/tttwinnerchecker/TttWinnerCheckerSolutionApplicationTests.java:[136,18] validateMove(com.example.tttwinnerchecker.models.Move) has private access in com.example.tttwinnerchecker.models.Game
[INFO] 1 error
[INFO] -------------------------------------------------------------
[INFO] ------------------------------------------------------------------------
[INFO] BUILD FAILURE
[INFO] ------------------------------------------------------------------------
[INFO] Total time:  5.013 s
[INFO] Finished at: 2024-09-13T07:34:11Z
[INFO] ------------------------------------------------------------------------
[ERROR] Failed to execute goal org.apache.maven.plugins:maven-compiler-plugin:3.11.0:testCompile (default-testCompile) on project ttt-winner-checker-starter: Compilation failure
[ERROR] /config/workspace/src/test/java/com/example/tttwinnerchecker/TttWinnerCheckerSolutionApplicationTests.java:[136,18] validateMove(com.example.tttwinnerchecker.models.Move) has private access in com.example.tttwinnerchecker.models.Game
[ERROR] 
[ERROR] -> [Help 1]
[ERROR] 
[ERROR] To see the full stack trace of the errors, re-run Maven with the -e switch.
[ERROR] Re-run Maven using the -X switch to enable full debug logging.
[ERROR] 
[ERROR] For more information about the errors and possible solutions, please read the following articles:
[ERROR] [Help 1] http://cwiki.apache.org/confluence/display/MAVEN/MojoFailureException
